<?xml version="1.0" encoding="UTF-8"?>
<coverage generated="1540140715">
  <project timestamp="1540140715">
    <package name="Shield\Teamwork">
      <file name="/Users/luca/Sites/laravel-package/laravel-shield/teamwork/src/Teamwork.php">
        <class name="Shield\Teamwork\Teamwork" namespace="Shield\Teamwork">
          <metrics complexity="3" methods="2" coveredmethods="2" conditionals="0" coveredconditionals="0" statements="5" coveredstatements="5" elements="7" coveredelements="7"/>
        </class>
        <line num="16" type="method" name="verify" visibility="public" complexity="2" crap="2" count="3"/>
        <line num="19" type="stmt" count="3"/>
        <line num="20" type="stmt" count="1"/>
        <line num="22" type="stmt" count="2"/>
        <line num="23" type="stmt" count="2"/>
        <line num="25" type="method" name="headers" visibility="public" complexity="1" crap="1" count="1"/>
        <line num="27" type="stmt" count="1"/>
        <metrics loc="29" ncloc="24" classes="1" methods="2" coveredmethods="2" conditionals="0" coveredconditionals="0" statements="5" coveredstatements="5" elements="7" coveredelements="7"/>
      </file>
    </package>
    <metrics files="1" loc="29" ncloc="24" classes="1" methods="2" coveredmethods="2" conditionals="0" coveredconditionals="0" statements="5" coveredstatements="5" elements="7" coveredelements="7"/>
  </project>
</coverage>
